[1206/180852.447:ERROR:process_memory_win.cc(73)] ReadMemory at 0x17a18a42e10 of 132 bytes failed: Seule une partie d’une requête ReadProcessMemory ou WriteProcessMemory a été effectuée. (0x12B)
[1206/180852.449:ERROR:process_memory_win.cc(73)] ReadMemory at 0x17a18a432d0 of 132 bytes failed: Seule une partie d’une requête ReadProcessMemory ou WriteProcessMemory a été effectuée. (0x12B)
[1206/180852.449:ERROR:process_memory_win.cc(73)] ReadMemory at 0x17a18a43530 of 132 bytes failed: Seule une partie d’une requête ReadProcessMemory ou WriteProcessMemory a été effectuée. (0x12B)
[1206/180852.449:ERROR:process_memory_win.cc(73)] ReadMemory at 0x17a18a43660 of 132 bytes failed: Seule une partie d’une requête ReadProcessMemory ou WriteProcessMemory a été effectuée. (0x12B)
[1206/180852.449:ERROR:process_memory_win.cc(73)] ReadMemory at 0x17a18a43790 of 132 bytes failed: Seule une partie d’une requête ReadProcessMemory ou WriteProcessMemory a été effectuée. (0x12B)
[1206/180852.449:ERROR:process_memory_win.cc(73)] ReadMemory at 0x17a18a439f0 of 132 bytes failed: Seule une partie d’une requête ReadProcessMemory ou WriteProcessMemory a été effectuée. (0x12B)
[1206/180852.449:ERROR:process_memory_win.cc(73)] ReadMemory at 0x17a18a43c50 of 132 bytes failed: Seule une partie d’une requête ReadProcessMemory ou WriteProcessMemory a été effectuée. (0x12B)
[1206/180852.449:ERROR:process_memory_win.cc(73)] ReadMemory at 0x17a18a43d80 of 132 bytes failed: Seule une partie d’une requête ReadProcessMemory ou WriteProcessMemory a été effectuée. (0x12B)
[1206/180852.450:ERROR:process_memory_win.cc(73)] ReadMemory at 0x17a18a44240 of 132 bytes failed: Seule une partie d’une requête ReadProcessMemory ou WriteProcessMemory a été effectuée. (0x12B)
[1206/180852.450:ERROR:process_memory_win.cc(73)] ReadMemory at 0x17a18a44a90 of 132 bytes failed: Seule une partie d’une requête ReadProcessMemory ou WriteProcessMemory a été effectuée. (0x12B)
[1206/180852.450:ERROR:process_memory_win.cc(73)] ReadMemory at 0x17a18a46e80 of 76 bytes failed: Seule une partie d’une requête ReadProcessMemory ou WriteProcessMemory a été effectuée. (0x12B)
[1206/180852.451:ERROR:scoped_process_suspend.cc(40)] NtResumeProcess: Tentative d’accès à un processus en cours d’arrêt. (0xc000010a)
[1210/120217.574:ERROR:directory_reader_win.cc(43)] FindFirstFile: Le chemin d’accès spécifié est introuvable. (0x3)
[1210/120526.929:ERROR:file_io_win.cc(162)] CreateFile E:\TEMP\karma-33486199\Crashpad\settings.dat: Le chemin d’accès spécifié est introuvable. (0x3)
[1210/120526.930:ERROR:file_io_win.cc(171)] CreateFile E:\TEMP\karma-33486199\Crashpad\reports\1e8a9aa2-334f-441d-aa70-5f06a186742e.dmp: Le chemin d’accès spécifié est introuvable. (0x3)
[1210/120526.930:ERROR:crash_report_exception_handler.cc(99)] PrepareNewCrashReport failed
[1210/131531.597:ERROR:directory_reader_win.cc(43)] FindFirstFile: Le chemin d’accès spécifié est introuvable. (0x3)
[1210/135657.212:ERROR:directory_reader_win.cc(43)] FindFirstFile: Le chemin d’accès spécifié est introuvable. (0x3)
[1210/141127.474:ERROR:directory_reader_win.cc(43)] FindFirstFile: Le chemin d’accès spécifié est introuvable. (0x3)
[1210/222311.543:ERROR:directory_reader_win.cc(43)] FindFirstFile: Le chemin d’accès spécifié est introuvable. (0x3)
[1210/222346.743:ERROR:process_memory_win.cc(73)] ReadMemory at 0x1fbd8c1bf30 of 72 bytes failed: Seule une partie d’une requête ReadProcessMemory ou WriteProcessMemory a été effectuée. (0x12B)
[1210/222346.743:WARNING:pe_image_annotations_reader.cc(135)] could not read annotations list object in C:\Program Files\Google\Chrome\Application\87.0.4280.88\chrome_elf.dll
[1210/222346.744:ERROR:process_memory_win.cc(73)] ReadMemory at 0x1fbd8c57250 of 72 bytes failed: Seule une partie d’une requête ReadProcessMemory ou WriteProcessMemory a été effectuée. (0x12B)
[1210/222346.744:WARNING:pe_image_annotations_reader.cc(135)] could not read annotations list object in C:\Program Files\Google\Chrome\Application\87.0.4280.88\chrome.dll
[1210/224744.714:ERROR:directory_reader_win.cc(43)] FindFirstFile: Le chemin d’accès spécifié est introuvable. (0x3)
[1210/232956.953:ERROR:directory_reader_win.cc(43)] FindFirstFile: Le chemin d’accès spécifié est introuvable. (0x3)
[1211/091300.718:ERROR:directory_reader_win.cc(43)] FindFirstFile: Le chemin d’accès spécifié est introuvable. (0x3)
[1211/091852.710:ERROR:process_memory_win.cc(73)] ReadMemory at 0xcec1900000 of 1048576 bytes failed: Seule une partie d’une requête ReadProcessMemory ou WriteProcessMemory a été effectuée. (0x12B)
[1211/091852.712:ERROR:process_memory_win.cc(73)] ReadMemory at 0xceb602c000 of 6024 bytes failed: Seule une partie d’une requête ReadProcessMemory ou WriteProcessMemory a été effectuée. (0x12B)
[1211/091852.712:ERROR:process_memory_win.cc(73)] ReadMemory at 0xceb61e5000 of 852 bytes failed: Seule une partie d’une requête ReadProcessMemory ou WriteProcessMemory a été effectuée. (0x12B)
[1211/091852.712:ERROR:process_memory_win.cc(73)] ReadMemory at 0x1dfa1cf0fe0 of 7098 bytes failed: Seule une partie d’une requête ReadProcessMemory ou WriteProcessMemory a été effectuée. (0x12B)
[1211/091852.712:ERROR:process_memory_win.cc(73)] ReadMemory at 0x1dfa1cf2bb0 of 1012 bytes failed: Seule une partie d’une requête ReadProcessMemory ou WriteProcessMemory a été effectuée. (0x12B)
[1211/091852.712:ERROR:process_memory_win.cc(73)] ReadMemory at 0x1dfa1cf31f8 of 106 bytes failed: Seule une partie d’une requête ReadProcessMemory ou WriteProcessMemory a été effectuée. (0x12B)
[1211/091852.713:ERROR:process_memory_win.cc(73)] ReadMemory at 0x1dfa1cf3264 of 898 bytes failed: Seule une partie d’une requête ReadProcessMemory ou WriteProcessMemory a été effectuée. (0x12B)
[1211/091852.713:ERROR:process_memory_win.cc(73)] ReadMemory at 0x1dfa1cf35e8 of 106 bytes failed: Seule une partie d’une requête ReadProcessMemory ou WriteProcessMemory a été effectuée. (0x12B)
[1211/091852.713:ERROR:process_memory_win.cc(73)] ReadMemory at 0x1dfa1cf3654 of 96 bytes failed: Seule une partie d’une requête ReadProcessMemory ou WriteProcessMemory a été effectuée. (0x12B)
[1211/091852.713:ERROR:process_memory_win.cc(73)] ReadMemory at 0x1dfa1cf36c0 of 58 bytes failed: Seule une partie d’une requête ReadProcessMemory ou WriteProcessMemory a été effectuée. (0x12B)
[1211/091852.713:ERROR:process_memory_win.cc(73)] ReadMemory at 0x1dfa1cf37c0 of 132 bytes failed: Seule une partie d’une requête ReadProcessMemory ou WriteProcessMemory a été effectuée. (0x12B)
[1211/091852.713:ERROR:process_memory_win.cc(73)] ReadMemory at 0x1dfa1cf3950 of 132 bytes failed: Seule une partie d’une requête ReadProcessMemory ou WriteProcessMemory a été effectuée. (0x12B)
[1211/091852.713:ERROR:process_memory_win.cc(73)] ReadMemory at 0x1dfa1cf3b10 of 112 bytes failed: Seule une partie d’une requête ReadProcessMemory ou WriteProcessMemory a été effectuée. (0x12B)
[1211/091852.713:ERROR:process_memory_win.cc(73)] ReadMemory at 0x1dfa1cf4010 of 132 bytes failed: Seule une partie d’une requête ReadProcessMemory ou WriteProcessMemory a été effectuée. (0x12B)
[1211/091852.713:ERROR:process_memory_win.cc(73)] ReadMemory at 0x1dfa1cf41a0 of 64 bytes failed: Seule une partie d’une requête ReadProcessMemory ou WriteProcessMemory a été effectuée. (0x12B)
[1211/091852.713:ERROR:process_memory_win.cc(73)] ReadMemory at 0x1dfa1cf4350 of 132 bytes failed: Seule une partie d’une requête ReadProcessMemory ou WriteProcessMemory a été effectuée. (0x12B)
[1211/091852.713:ERROR:process_memory_win.cc(73)] ReadMemory at 0x1dfa1cf4600 of 132 bytes failed: Seule une partie d’une requête ReadProcessMemory ou WriteProcessMemory a été effectuée. (0x12B)
[1211/091852.713:ERROR:process_memory_win.cc(73)] ReadMemory at 0x1dfa1cf4790 of 68 bytes failed: Seule une partie d’une requête ReadProcessMemory ou WriteProcessMemory a été effectuée. (0x12B)
[1211/091852.713:ERROR:process_memory_win.cc(73)] ReadMemory at 0x1dfa1cf58a0 of 132 bytes failed: Seule une partie d’une requête ReadProcessMemory ou WriteProcessMemory a été effectuée. (0x12B)
[1211/091852.713:ERROR:process_memory_win.cc(73)] ReadMemory at 0x1dfa1cf59d0 of 140 bytes failed: Seule une partie d’une requête ReadProcessMemory ou WriteProcessMemory a été effectuée. (0x12B)
[1211/091852.714:ERROR:process_memory_win.cc(73)] ReadMemory at 0x1dfa1cf7c20 of 60 bytes failed: Seule une partie d’une requête ReadProcessMemory ou WriteProcessMemory a été effectuée. (0x12B)
[1211/091852.714:ERROR:process_memory_win.cc(73)] ReadMemory at 0x1dfa1cf7c70 of 62 bytes failed: Seule une partie d’une requête ReadProcessMemory ou WriteProcessMemory a été effectuée. (0x12B)
[1211/091852.714:ERROR:process_memory_win.cc(73)] ReadMemory at 0x1dfa1cf7e60 of 132 bytes failed: Seule une partie d’une requête ReadProcessMemory ou WriteProcessMemory a été effectuée. (0x12B)
[1211/091852.714:ERROR:process_memory_win.cc(73)] ReadMemory at 0x1dfa1cfbc60 of 62 bytes failed: Seule une partie d’une requête ReadProcessMemory ou WriteProcessMemory a été effectuée. (0x12B)
[1211/091852.714:ERROR:process_memory_win.cc(73)] ReadMemory at 0x1dfa1cfc67e of 512 bytes failed: Seule une partie d’une requête ReadProcessMemory ou WriteProcessMemory a été effectuée. (0x12B)
[1211/091852.714:ERROR:process_memory_win.cc(73)] ReadMemory at 0x1dfa1cff910 of 54 bytes failed: Seule une partie d’une requête ReadProcessMemory ou WriteProcessMemory a été effectuée. (0x12B)
[1211/091852.714:ERROR:process_memory_win.cc(73)] ReadMemory at 0x1dfa1d00260 of 80 bytes failed: Seule une partie d’une requête ReadProcessMemory ou WriteProcessMemory a été effectuée. (0x12B)
[1211/091852.714:ERROR:process_memory_win.cc(73)] ReadMemory at 0x1dfa1d004a0 of 80 bytes failed: Seule une partie d’une requête ReadProcessMemory ou WriteProcessMemory a été effectuée. (0x12B)
[1211/091852.714:ERROR:process_memory_win.cc(73)] ReadMemory at 0x1dfa1d05760 of 132 bytes failed: Seule une partie d’une requête ReadProcessMemory ou WriteProcessMemory a été effectuée. (0x12B)
[1211/091852.714:ERROR:process_memory_win.cc(73)] ReadMemory at 0x1dfa1d061a0 of 132 bytes failed: Seule une partie d’une requête ReadProcessMemory ou WriteProcessMemory a été effectuée. (0x12B)
[1211/091852.714:ERROR:process_memory_win.cc(73)] ReadMemory at 0x1dfa1d062d0 of 132 bytes failed: Seule une partie d’une requête ReadProcessMemory ou WriteProcessMemory a été effectuée. (0x12B)
[1211/091852.714:ERROR:process_memory_win.cc(73)] ReadMemory at 0x1dfa1d065d0 of 132 bytes failed: Seule une partie d’une requête ReadProcessMemory ou WriteProcessMemory a été effectuée. (0x12B)
[1211/091852.714:ERROR:process_memory_win.cc(73)] ReadMemory at 0x1dfa1d07b10 of 76 bytes failed: Seule une partie d’une requête ReadProcessMemory ou WriteProcessMemory a été effectuée. (0x12B)
[1211/091852.714:ERROR:process_memory_win.cc(73)] ReadMemory at 0x1dfa1d085e0 of 132 bytes failed: Seule une partie d’une requête ReadProcessMemory ou WriteProcessMemory a été effectuée. (0x12B)
[1211/091852.714:ERROR:process_memory_win.cc(73)] ReadMemory at 0x1dfa1d08710 of 132 bytes failed: Seule une partie d’une requête ReadProcessMemory ou WriteProcessMemory a été effectuée. (0x12B)
[1211/091852.714:ERROR:process_memory_win.cc(73)] ReadMemory at 0x1dfa1d08840 of 132 bytes failed: Seule une partie d’une requête ReadProcessMemory ou WriteProcessMemory a été effectuée. (0x12B)
[1211/091852.715:ERROR:process_memory_win.cc(73)] ReadMemory at 0x1dfa1d08970 of 132 bytes failed: Seule une partie d’une requête ReadProcessMemory ou WriteProcessMemory a été effectuée. (0x12B)
[1211/091852.715:ERROR:process_memory_win.cc(73)] ReadMemory at 0x1dfa1d08aa0 of 132 bytes failed: Seule une partie d’une requête ReadProcessMemory ou WriteProcessMemory a été effectuée. (0x12B)
[1211/091852.715:ERROR:process_memory_win.cc(73)] ReadMemory at 0x1dfa1d08bd0 of 132 bytes failed: Seule une partie d’une requête ReadProcessMemory ou WriteProcessMemory a été effectuée. (0x12B)
[1211/091852.715:ERROR:process_memory_win.cc(73)] ReadMemory at 0x1dfa1d08e90 of 66 bytes failed: Seule une partie d’une requête ReadProcessMemory ou WriteProcessMemory a été effectuée. (0x12B)
[1211/091852.715:ERROR:process_memory_win.cc(73)] ReadMemory at 0x1dfa1d08ee0 of 62 bytes failed: Seule une partie d’une requête ReadProcessMemory ou WriteProcessMemory a été effectuée. (0x12B)
[1211/091852.715:ERROR:process_memory_win.cc(73)] ReadMemory at 0x1dfa1d08fd0 of 62 bytes failed: Seule une partie d’une requête ReadProcessMemory ou WriteProcessMemory a été effectuée. (0x12B)
[1211/091852.715:ERROR:process_memory_win.cc(73)] ReadMemory at 0x1dfa1d09070 of 64 bytes failed: Seule une partie d’une requête ReadProcessMemory ou WriteProcessMemory a été effectuée. (0x12B)
[1211/091852.715:ERROR:process_memory_win.cc(73)] ReadMemory at 0x1dfa1d090c0 of 60 bytes failed: Seule une partie d’une requête ReadProcessMemory ou WriteProcessMemory a été effectuée. (0x12B)
[1211/091852.715:ERROR:process_memory_win.cc(73)] ReadMemory at 0x1dfa1d09160 of 62 bytes failed: Seule une partie d’une requête ReadProcessMemory ou WriteProcessMemory a été effectuée. (0x12B)
[1211/091852.715:ERROR:process_memory_win.cc(73)] ReadMemory at 0x1dfa1d091b0 of 62 bytes failed: Seule une partie d’une requête ReadProcessMemory ou WriteProcessMemory a été effectuée. (0x12B)
[1211/091852.715:ERROR:process_memory_win.cc(73)] ReadMemory at 0x1dfa1d092a0 of 62 bytes failed: Seule une partie d’une requête ReadProcessMemory ou WriteProcessMemory a été effectuée. (0x12B)
[1211/091852.715:ERROR:process_memory_win.cc(73)] ReadMemory at 0x1dfa1d092f0 of 64 bytes failed: Seule une partie d’une requête ReadProcessMemory ou WriteProcessMemory a été effectuée. (0x12B)
[1211/091852.715:ERROR:process_memory_win.cc(73)] ReadMemory at 0x1dfa1d093e0 of 60 bytes failed: Seule une partie d’une requête ReadProcessMemory ou WriteProcessMemory a été effectuée. (0x12B)
[1211/091852.715:ERROR:process_memory_win.cc(73)] ReadMemory at 0x1dfa1d09430 of 64 bytes failed: Seule une partie d’une requête ReadProcessMemory ou WriteProcessMemory a été effectuée. (0x12B)
[1211/091852.715:ERROR:process_memory_win.cc(73)] ReadMemory at 0x1dfa1d09480 of 62 bytes failed: Seule une partie d’une requête ReadProcessMemory ou WriteProcessMemory a été effectuée. (0x12B)
[1211/091852.715:ERROR:process_memory_win.cc(73)] ReadMemory at 0x1dfa1d09520 of 64 bytes failed: Seule une partie d’une requête ReadProcessMemory ou WriteProcessMemory a été effectuée. (0x12B)
[1211/091852.715:ERROR:process_memory_win.cc(73)] ReadMemory at 0x1dfa1d09570 of 58 bytes failed: Seule une partie d’une requête ReadProcessMemory ou WriteProcessMemory a été effectuée. (0x12B)
[1211/091852.715:ERROR:process_memory_win.cc(73)] ReadMemory at 0x1dfa1d09610 of 62 bytes failed: Seule une partie d’une requête ReadProcessMemory ou WriteProcessMemory a été effectuée. (0x12B)
[1211/091852.716:ERROR:process_memory_win.cc(73)] ReadMemory at 0x1dfa1d09890 of 60 bytes failed: Seule une partie d’une requête ReadProcessMemory ou WriteProcessMemory a été effectuée. (0x12B)
[1211/091852.716:ERROR:process_memory_win.cc(73)] ReadMemory at 0x1dfa1d098e0 of 64 bytes failed: Seule une partie d’une requête ReadProcessMemory ou WriteProcessMemory a été effectuée. (0x12B)
[1211/091852.716:ERROR:process_memory_win.cc(73)] ReadMemory at 0x1dfa1d099d0 of 60 bytes failed: Seule une partie d’une requête ReadProcessMemory ou WriteProcessMemory a été effectuée. (0x12B)
[1211/091852.716:ERROR:process_memory_win.cc(73)] ReadMemory at 0x1dfa1d09a70 of 60 bytes failed: Seule une partie d’une requête ReadProcessMemory ou WriteProcessMemory a été effectuée. (0x12B)
[1211/091852.716:ERROR:process_memory_win.cc(73)] ReadMemory at 0x1dfa1d09ac0 of 60 bytes failed: Seule une partie d’une requête ReadProcessMemory ou WriteProcessMemory a été effectuée. (0x12B)
[1211/091852.716:ERROR:process_memory_win.cc(73)] ReadMemory at 0x1dfa1d09b10 of 64 bytes failed: Seule une partie d’une requête ReadProcessMemory ou WriteProcessMemory a été effectuée. (0x12B)
[1211/091852.716:ERROR:process_memory_win.cc(73)] ReadMemory at 0x1dfa1d09b60 of 66 bytes failed: Seule une partie d’une requête ReadProcessMemory ou WriteProcessMemory a été effectuée. (0x12B)
[1211/091852.716:ERROR:process_memory_win.cc(73)] ReadMemory at 0x1dfa1d09bb0 of 62 bytes failed: Seule une partie d’une requête ReadProcessMemory ou WriteProcessMemory a été effectuée. (0x12B)
[1211/091852.716:ERROR:process_memory_win.cc(73)] ReadMemory at 0x1dfa1d09c50 of 64 bytes failed: Seule une partie d’une requête ReadProcessMemory ou WriteProcessMemory a été effectuée. (0x12B)
[1211/091852.716:ERROR:process_memory_win.cc(73)] ReadMemory at 0x1dfa1d09ca0 of 64 bytes failed: Seule une partie d’une requête ReadProcessMemory ou WriteProcessMemory a été effectuée. (0x12B)
[1211/091852.716:ERROR:process_memory_win.cc(73)] ReadMemory at 0x1dfa1d09cf0 of 62 bytes failed: Seule une partie d’une requête ReadProcessMemory ou WriteProcessMemory a été effectuée. (0x12B)
[1211/091852.716:ERROR:process_memory_win.cc(73)] ReadMemory at 0x1dfa1d0ba00 of 132 bytes failed: Seule une partie d’une requête ReadProcessMemory ou WriteProcessMemory a été effectuée. (0x12B)
[1211/091852.716:ERROR:process_memory_win.cc(73)] ReadMemory at 0x1dfa1d0bc60 of 132 bytes failed: Seule une partie d’une requête ReadProcessMemory ou WriteProcessMemory a été effectuée. (0x12B)
[1211/091852.716:ERROR:process_memory_win.cc(73)] ReadMemory at 0x1dfa1d0d7a0 of 132 bytes failed: Seule une partie d’une requête ReadProcessMemory ou WriteProcessMemory a été effectuée. (0x12B)
[1211/091852.716:ERROR:process_memory_win.cc(73)] ReadMemory at 0x1dfa1d0d9b0 of 132 bytes failed: Seule une partie d’une requête ReadProcessMemory ou WriteProcessMemory a été effectuée. (0x12B)
[1211/091852.716:ERROR:process_memory_win.cc(73)] ReadMemory at 0x1dfa1d11950 of 132 bytes failed: Seule une partie d’une requête ReadProcessMemory ou WriteProcessMemory a été effectuée. (0x12B)
[1211/091852.716:ERROR:process_memory_win.cc(73)] ReadMemory at 0x1dfa1d11b70 of 132 bytes failed: Seule une partie d’une requête ReadProcessMemory ou WriteProcessMemory a été effectuée. (0x12B)
[1211/091852.716:ERROR:process_memory_win.cc(73)] ReadMemory at 0x1dfa1d11ed0 of 132 bytes failed: Seule une partie d’une requête ReadProcessMemory ou WriteProcessMemory a été effectuée. (0x12B)
[1211/091852.716:ERROR:process_memory_win.cc(73)] ReadMemory at 0x1dfa1d12f50 of 132 bytes failed: Seule une partie d’une requête ReadProcessMemory ou WriteProcessMemory a été effectuée. (0x12B)
[1211/091852.717:ERROR:process_memory_win.cc(73)] ReadMemory at 0x1dfa1d13080 of 132 bytes failed: Seule une partie d’une requête ReadProcessMemory ou WriteProcessMemory a été effectuée. (0x12B)
[1211/091852.717:ERROR:process_memory_win.cc(73)] ReadMemory at 0x1dfa1d132e0 of 132 bytes failed: Seule une partie d’une requête ReadProcessMemory ou WriteProcessMemory a été effectuée. (0x12B)
[1211/091852.717:ERROR:process_memory_win.cc(73)] ReadMemory at 0x1dfa1d13410 of 132 bytes failed: Seule une partie d’une requête ReadProcessMemory ou WriteProcessMemory a été effectuée. (0x12B)
[1211/091852.717:ERROR:process_memory_win.cc(73)] ReadMemory at 0x1dfa1d13540 of 132 bytes failed: Seule une partie d’une requête ReadProcessMemory ou WriteProcessMemory a été effectuée. (0x12B)
[1211/091852.717:ERROR:process_memory_win.cc(73)] ReadMemory at 0x1dfa1d13670 of 132 bytes failed: Seule une partie d’une requête ReadProcessMemory ou WriteProcessMemory a été effectuée. (0x12B)
[1211/091852.717:ERROR:process_memory_win.cc(73)] ReadMemory at 0x1dfa1d13a00 of 132 bytes failed: Seule une partie d’une requête ReadProcessMemory ou WriteProcessMemory a été effectuée. (0x12B)
[1211/091852.717:ERROR:process_memory_win.cc(73)] ReadMemory at 0x1dfa1d13b30 of 132 bytes failed: Seule une partie d’une requête ReadProcessMemory ou WriteProcessMemory a été effectuée. (0x12B)
[1211/091852.717:ERROR:process_memory_win.cc(73)] ReadMemory at 0x1dfa1d13ec0 of 132 bytes failed: Seule une partie d’une requête ReadProcessMemory ou WriteProcessMemory a été effectuée. (0x12B)
[1211/091852.717:ERROR:process_memory_win.cc(73)] ReadMemory at 0x1dfa1d14120 of 132 bytes failed: Seule une partie d’une requête ReadProcessMemory ou WriteProcessMemory a été effectuée. (0x12B)
[1211/091852.717:ERROR:process_memory_win.cc(73)] ReadMemory at 0x1dfa1d144b0 of 132 bytes failed: Seule une partie d’une requête ReadProcessMemory ou WriteProcessMemory a été effectuée. (0x12B)
[1211/091852.717:ERROR:process_memory_win.cc(73)] ReadMemory at 0x1dfa1d14710 of 132 bytes failed: Seule une partie d’une requête ReadProcessMemory ou WriteProcessMemory a été effectuée. (0x12B)
[1211/091852.717:ERROR:process_memory_win.cc(73)] ReadMemory at 0x1dfa1d14840 of 132 bytes failed: Seule une partie d’une requête ReadProcessMemory ou WriteProcessMemory a été effectuée. (0x12B)
[1211/091852.717:ERROR:process_memory_win.cc(73)] ReadMemory at 0x1dfa1d14970 of 132 bytes failed: Seule une partie d’une requête ReadProcessMemory ou WriteProcessMemory a été effectuée. (0x12B)
[1211/091852.717:ERROR:process_memory_win.cc(73)] ReadMemory at 0x1dfa1d14aa0 of 132 bytes failed: Seule une partie d’une requête ReadProcessMemory ou WriteProcessMemory a été effectuée. (0x12B)
[1211/091852.717:ERROR:process_memory_win.cc(73)] ReadMemory at 0x1dfa1d14bd0 of 132 bytes failed: Seule une partie d’une requête ReadProcessMemory ou WriteProcessMemory a été effectuée. (0x12B)
[1211/094140.935:ERROR:directory_reader_win.cc(43)] FindFirstFile: Le chemin d’accès spécifié est introuvable. (0x3)
[1211/101045.016:ERROR:directory_reader_win.cc(43)] FindFirstFile: Le chemin d’accès spécifié est introuvable. (0x3)
[1211/102640.832:ERROR:directory_reader_win.cc(43)] FindFirstFile: Le chemin d’accès spécifié est introuvable. (0x3)
[1211/115225.018:ERROR:directory_reader_win.cc(43)] FindFirstFile: Le chemin d’accès spécifié est introuvable. (0x3)
[1211/134139.748:ERROR:directory_reader_win.cc(43)] FindFirstFile: Le chemin d’accès spécifié est introuvable. (0x3)
[1212/113025.105:ERROR:directory_reader_win.cc(43)] FindFirstFile: Le chemin d’accès spécifié est introuvable. (0x3)
[1212/123652.742:ERROR:directory_reader_win.cc(43)] FindFirstFile: Le chemin d’accès spécifié est introuvable. (0x3)
[1212/131959.690:ERROR:directory_reader_win.cc(43)] FindFirstFile: Le chemin d’accès spécifié est introuvable. (0x3)
[1212/141052.352:ERROR:directory_reader_win.cc(43)] FindFirstFile: Le chemin d’accès spécifié est introuvable. (0x3)
[1212/150054.037:ERROR:directory_reader_win.cc(43)] FindFirstFile: Le chemin d’accès spécifié est introuvable. (0x3)
[1212/195629.949:ERROR:directory_reader_win.cc(43)] FindFirstFile: Le chemin d’accès spécifié est introuvable. (0x3)
[1212/202730.357:ERROR:directory_reader_win.cc(43)] FindFirstFile: Le chemin d’accès spécifié est introuvable. (0x3)
[1213/014010.318:ERROR:directory_reader_win.cc(43)] FindFirstFile: Le chemin d’accès spécifié est introuvable. (0x3)
[1213/130403.657:ERROR:directory_reader_win.cc(43)] FindFirstFile: Le chemin d’accès spécifié est introuvable. (0x3)
[1213/150914.167:ERROR:process_info.cc(329)] VirtualQueryEx: Accès refusé. (0x5)
[1213/150914.167:ERROR:process_info.cc(556)] ReadMemoryInfo failed
[1213/150914.168:ERROR:process_memory_win.cc(39)] Failed to initialize ProcessInfo.
[1213/150914.168:ERROR:scoped_process_suspend.cc(40)] NtResumeProcess: Tentative d’accès à un processus en cours d’arrêt. (0xc000010a)
[1213/152035.977:ERROR:directory_reader_win.cc(43)] FindFirstFile: Le chemin d’accès spécifié est introuvable. (0x3)
[1213/170012.629:ERROR:process_info.cc(329)] VirtualQueryEx: Accès refusé. (0x5)
[1213/170012.629:ERROR:process_info.cc(556)] ReadMemoryInfo failed
[1213/170012.629:ERROR:scoped_process_suspend.cc(40)] NtResumeProcess: Tentative d’accès à un processus en cours d’arrêt. (0xc000010a)
[1213/215111.206:ERROR:directory_reader_win.cc(43)] FindFirstFile: Le chemin d’accès spécifié est introuvable. (0x3)
[1213/220531.458:ERROR:directory_reader_win.cc(43)] FindFirstFile: Le chemin d’accès spécifié est introuvable. (0x3)
[1214/091809.084:ERROR:directory_reader_win.cc(43)] FindFirstFile: Le chemin d’accès spécifié est introuvable. (0x3)
[1214/092943.527:ERROR:process_memory_win.cc(73)] ReadMemory at 0x8006f00000 of 1048576 bytes failed: Seule une partie d’une requête ReadProcessMemory ou WriteProcessMemory a été effectuée. (0x12B)
[1214/094149.369:ERROR:directory_reader_win.cc(43)] FindFirstFile: Le chemin d’accès spécifié est introuvable. (0x3)
[1214/115857.107:ERROR:process_info.cc(329)] VirtualQueryEx: Accès refusé. (0x5)
[1214/115857.107:ERROR:process_info.cc(556)] ReadMemoryInfo failed
[1214/115857.108:ERROR:process_memory_win.cc(39)] Failed to initialize ProcessInfo.
[1214/115857.108:ERROR:scoped_process_suspend.cc(40)] NtResumeProcess: Tentative d’accès à un processus en cours d’arrêt. (0xc000010a)
